[debug] [2020-09-23T14:23:11.908Z] ----------------------------------------------------------------------
[debug] [2020-09-23T14:23:11.911Z] Command:       C:\Program Files\nodejs\node.exe C:\Users\Sony\AppData\Roaming\npm\node_modules\firebase-tools\lib\bin\firebase.js emulators:start
[debug] [2020-09-23T14:23:11.911Z] CLI Version:   8.10.0
[debug] [2020-09-23T14:23:11.911Z] Platform:      win32
[debug] [2020-09-23T14:23:11.911Z] Node Version:  v12.18.3
[debug] [2020-09-23T14:23:11.913Z] Time:          Wed Sep 23 2020 19:53:11 GMT+0530 (India Standard Time)
[debug] [2020-09-23T14:23:11.913Z] ----------------------------------------------------------------------
[debug] [2020-09-23T14:23:11.913Z] 
[debug] [2020-09-23T14:23:11.924Z] > command requires scopes: ["email","openid","https://www.googleapis.com/auth/cloudplatformprojects.readonly","https://www.googleapis.com/auth/firebase","https://www.googleapis.com/auth/cloud-platform"]
[debug] [2020-09-23T14:23:11.925Z] > authorizing via signed-in user
[info] i  emulators: Starting emulators: functions {"metadata":{"emulator":{"name":"hub"},"message":"Starting emulators: functions"}}
[warn] !  emulators: It seems that you are running multiple instances of the emulator suite for project fir-5871d. This may result in unexpected behavior. 
[debug] [2020-09-23T14:23:13.990Z] [hub] writing locator at C:\Users\Sony\AppData\Local\Temp\hub-fir-5871d.json
[warn] !  functions: The following emulators are not running, calls to these services from the Functions emulator will affect production: firestore, database, hosting, pubsub {"metadata":{"emulator":{"name":"functions"},"message":"The following emulators are not running, calls to these services from the Functions emulator will affect production: \u001b[1mfirestore, database, hosting, pubsub\u001b[22m"}}
[warn] !  Your requested "node" version "10" doesn't match your global version "12" {"metadata":{"emulator":{"name":"functions"},"message":"Your requested \"node\" version \"10\" doesn't match your global version \"12\""}}
[debug] [2020-09-23T14:23:16.132Z] defaultcredentials: writing to file C:\Users\Sony\AppData\Roaming\firebase\dj61110_gmail_com_application_default_credentials.json
[debug] [2020-09-23T14:23:16.137Z] Setting GAC to C:\Users\Sony\AppData\Roaming\firebase\dj61110_gmail_com_application_default_credentials.json {"metadata":{"emulator":{"name":"functions"},"message":"Setting GAC to C:\\Users\\Sony\\AppData\\Roaming\\firebase\\dj61110_gmail_com_application_default_credentials.json"}}
[warn] !  ui: Emulator UI unable to start on port 4000, starting on 4001 instead. {"metadata":{"emulator":{"name":"ui"},"message":"Emulator UI unable to start on port 4000, starting on 4001 instead."}}
[debug] [2020-09-23T14:23:18.242Z] Ignoring unsupported arg: auto_download {"metadata":{"emulator":{"name":"ui"},"message":"Ignoring unsupported arg: auto_download"}}
[debug] [2020-09-23T14:23:18.242Z] Ignoring unsupported arg: port {"metadata":{"emulator":{"name":"ui"},"message":"Ignoring unsupported arg: port"}}
[debug] [2020-09-23T14:23:18.242Z] Starting Emulator UI with command {"binary":"node","args":["C:\\Users\\Sony\\.cache\\firebase\\emulators\\ui-v1.1.1\\server.bundle.js"],"optionalArgs":[],"joinArgs":false} {"metadata":{"emulator":{"name":"ui"},"message":"Starting Emulator UI with command {\"binary\":\"node\",\"args\":[\"C:\\\\Users\\\\Sony\\\\.cache\\\\firebase\\\\emulators\\\\ui-v1.1.1\\\\server.bundle.js\"],\"optionalArgs\":[],\"joinArgs\":false}"}}
[info] i  ui: Emulator UI logging to ui-debug.log {"metadata":{"emulator":{"name":"ui"},"message":"Emulator UI logging to \u001b[1mui-debug.log\u001b[22m"}}
[debug] [2020-09-23T14:23:18.407Z] Web / API server started at http://localhost:4001
 {"metadata":{"emulator":{"name":"ui"},"message":"Web / API server started at http://localhost:4001\n"}}
[info] i  functions: Watching "C:\Users\Sony\Desktop\javascipt\amazon\functions" for Cloud Functions... {"metadata":{"emulator":{"name":"functions"},"message":"Watching \"C:\\Users\\Sony\\Desktop\\javascipt\\amazon\\functions\" for Cloud Functions..."}}
[debug] [2020-09-23T14:23:18.814Z] [worker-pool] addWorker(~diagnostic~) {"metadata":{"emulator":{"name":"functions"},"message":"[worker-pool] addWorker(~diagnostic~)"}}
[debug] [2020-09-23T14:23:18.814Z] [worker-pool] Adding worker with key ~diagnostic~, total=1 {"metadata":{"emulator":{"name":"functions"},"message":"[worker-pool] Adding worker with key ~diagnostic~, total=1"}}
[debug] [2020-09-23T14:23:18.815Z] [worker-pool] submitWork(triggerId=) {"metadata":{"emulator":{"name":"functions"},"message":"[worker-pool] submitWork(triggerId=)"}}
[debug] [2020-09-23T14:23:18.816Z] [worker-~diagnostic~-cf4181e5-917d-48b3-98c1-91c2e47e3654]: Assigning socketPath: \\?\pipe\C:\Users\Sony\Desktop\javascipt\amazon\functions\12012 {"metadata":{"emulator":{"name":"functions"},"message":"[worker-~diagnostic~-cf4181e5-917d-48b3-98c1-91c2e47e3654]: Assigning socketPath: \\\\?\\pipe\\C:\\Users\\Sony\\Desktop\\javascipt\\amazon\\functions\\12012"}}
[debug] [2020-09-23T14:23:18.818Z] [worker-~diagnostic~-cf4181e5-917d-48b3-98c1-91c2e47e3654]: BUSY {"metadata":{"emulator":{"name":"functions"},"message":"[worker-~diagnostic~-cf4181e5-917d-48b3-98c1-91c2e47e3654]: BUSY"}}
[debug] [2020-09-23T14:23:19.403Z] [runtime-status] [12012] Functions runtime initialized. {"cwd":"C:\\Users\\Sony\\Desktop\\javascipt\\amazon\\functions","node_version":"12.18.3"} {"metadata":{"emulator":{"name":"functions"},"message":"[runtime-status] [12012] Functions runtime initialized. {\"cwd\":\"C:\\\\Users\\\\Sony\\\\Desktop\\\\javascipt\\\\amazon\\\\functions\",\"node_version\":\"12.18.3\"}"}}
[debug] [2020-09-23T14:23:19.410Z] [runtime-status] [12012] Disabled runtime features: undefined {"metadata":{"emulator":{"name":"functions"},"message":"[runtime-status] [12012] Disabled runtime features: undefined"}}
[debug] [2020-09-23T14:23:19.415Z] [runtime-status] [12012] Resolved module firebase-admin {"declared":true,"installed":true,"version":"8.13.0","resolution":"C:\\Users\\Sony\\Desktop\\javascipt\\amazon\\functions\\node_modules\\firebase-admin\\lib\\index.js"} {"metadata":{"emulator":{"name":"functions"},"message":"[runtime-status] [12012] Resolved module firebase-admin {\"declared\":true,\"installed\":true,\"version\":\"8.13.0\",\"resolution\":\"C:\\\\Users\\\\Sony\\\\Desktop\\\\javascipt\\\\amazon\\\\functions\\\\node_modules\\\\firebase-admin\\\\lib\\\\index.js\"}"}}
[debug] [2020-09-23T14:23:19.422Z] [runtime-status] [12012] Resolved module firebase-functions {"declared":true,"installed":true,"version":"3.11.0","resolution":"C:\\Users\\Sony\\Desktop\\javascipt\\amazon\\functions\\node_modules\\firebase-functions\\lib\\index.js"} {"metadata":{"emulator":{"name":"functions"},"message":"[runtime-status] [12012] Resolved module firebase-functions {\"declared\":true,\"installed\":true,\"version\":\"3.11.0\",\"resolution\":\"C:\\\\Users\\\\Sony\\\\Desktop\\\\javascipt\\\\amazon\\\\functions\\\\node_modules\\\\firebase-functions\\\\lib\\\\index.js\"}"}}
[debug] [2020-09-23T14:23:19.423Z] [runtime-status] [12012] Resolved module firebase-functions {"declared":true,"installed":true,"version":"3.11.0","resolution":"C:\\Users\\Sony\\Desktop\\javascipt\\amazon\\functions\\node_modules\\firebase-functions\\lib\\index.js"} {"metadata":{"emulator":{"name":"functions"},"message":"[runtime-status] [12012] Resolved module firebase-functions {\"declared\":true,\"installed\":true,\"version\":\"3.11.0\",\"resolution\":\"C:\\\\Users\\\\Sony\\\\Desktop\\\\javascipt\\\\amazon\\\\functions\\\\node_modules\\\\firebase-functions\\\\lib\\\\index.js\"}"}}
[debug] [2020-09-23T14:23:19.426Z] [runtime-status] [12012] Outgoing network have been stubbed. [{"name":"http","status":"mocked"},{"name":"http","status":"mocked"},{"name":"https","status":"mocked"},{"name":"https","status":"mocked"},{"name":"net","status":"mocked"}] {"metadata":{"emulator":{"name":"functions"},"message":"[runtime-status] [12012] Outgoing network have been stubbed. [{\"name\":\"http\",\"status\":\"mocked\"},{\"name\":\"http\",\"status\":\"mocked\"},{\"name\":\"https\",\"status\":\"mocked\"},{\"name\":\"https\",\"status\":\"mocked\"},{\"name\":\"net\",\"status\":\"mocked\"}]"}}
[debug] [2020-09-23T14:23:19.427Z] [runtime-status] [12012] Resolved module firebase-functions {"declared":true,"installed":true,"version":"3.11.0","resolution":"C:\\Users\\Sony\\Desktop\\javascipt\\amazon\\functions\\node_modules\\firebase-functions\\lib\\index.js"} {"metadata":{"emulator":{"name":"functions"},"message":"[runtime-status] [12012] Resolved module firebase-functions {\"declared\":true,\"installed\":true,\"version\":\"3.11.0\",\"resolution\":\"C:\\\\Users\\\\Sony\\\\Desktop\\\\javascipt\\\\amazon\\\\functions\\\\node_modules\\\\firebase-functions\\\\lib\\\\index.js\"}"}}
[debug] [2020-09-23T14:23:19.487Z] [runtime-status] [12012] Checked functions.config() {"config":{}} {"metadata":{"emulator":{"name":"functions"},"message":"[runtime-status] [12012] Checked functions.config() {\"config\":{}}"}}
[debug] [2020-09-23T14:23:19.488Z] [runtime-status] [12012] firebase-functions has been stubbed. {"functionsResolution":{"declared":true,"installed":true,"version":"3.11.0","resolution":"C:\\Users\\Sony\\Desktop\\javascipt\\amazon\\functions\\node_modules\\firebase-functions\\lib\\index.js"}} {"metadata":{"emulator":{"name":"functions"},"message":"[runtime-status] [12012] firebase-functions has been stubbed. {\"functionsResolution\":{\"declared\":true,\"installed\":true,\"version\":\"3.11.0\",\"resolution\":\"C:\\\\Users\\\\Sony\\\\Desktop\\\\javascipt\\\\amazon\\\\functions\\\\node_modules\\\\firebase-functions\\\\lib\\\\index.js\"}}"}}
[debug] [2020-09-23T14:23:19.488Z] [runtime-status] [12012] Resolved module firebase-functions {"declared":true,"installed":true,"version":"3.11.0","resolution":"C:\\Users\\Sony\\Desktop\\javascipt\\amazon\\functions\\node_modules\\firebase-functions\\lib\\index.js"} {"metadata":{"emulator":{"name":"functions"},"message":"[runtime-status] [12012] Resolved module firebase-functions {\"declared\":true,\"installed\":true,\"version\":\"3.11.0\",\"resolution\":\"C:\\\\Users\\\\Sony\\\\Desktop\\\\javascipt\\\\amazon\\\\functions\\\\node_modules\\\\firebase-functions\\\\lib\\\\index.js\"}"}}
[debug] [2020-09-23T14:23:19.490Z] [runtime-status] [12012] Resolved module firebase-admin {"declared":true,"installed":true,"version":"8.13.0","resolution":"C:\\Users\\Sony\\Desktop\\javascipt\\amazon\\functions\\node_modules\\firebase-admin\\lib\\index.js"} {"metadata":{"emulator":{"name":"functions"},"message":"[runtime-status] [12012] Resolved module firebase-admin {\"declared\":true,\"installed\":true,\"version\":\"8.13.0\",\"resolution\":\"C:\\\\Users\\\\Sony\\\\Desktop\\\\javascipt\\\\amazon\\\\functions\\\\node_modules\\\\firebase-admin\\\\lib\\\\index.js\"}"}}
[debug] [2020-09-23T14:23:19.491Z] [runtime-status] [12012] Resolved module firebase-functions {"declared":true,"installed":true,"version":"3.11.0","resolution":"C:\\Users\\Sony\\Desktop\\javascipt\\amazon\\functions\\node_modules\\firebase-functions\\lib\\index.js"} {"metadata":{"emulator":{"name":"functions"},"message":"[runtime-status] [12012] Resolved module firebase-functions {\"declared\":true,\"installed\":true,\"version\":\"3.11.0\",\"resolution\":\"C:\\\\Users\\\\Sony\\\\Desktop\\\\javascipt\\\\amazon\\\\functions\\\\node_modules\\\\firebase-functions\\\\lib\\\\index.js\"}"}}
[debug] [2020-09-23T14:23:19.491Z] [runtime-status] [12012] firebase-admin has been stubbed. {"adminResolution":{"declared":true,"installed":true,"version":"8.13.0","resolution":"C:\\Users\\Sony\\Desktop\\javascipt\\amazon\\functions\\node_modules\\firebase-admin\\lib\\index.js"}} {"metadata":{"emulator":{"name":"functions"},"message":"[runtime-status] [12012] firebase-admin has been stubbed. {\"adminResolution\":{\"declared\":true,\"installed\":true,\"version\":\"8.13.0\",\"resolution\":\"C:\\\\Users\\\\Sony\\\\Desktop\\\\javascipt\\\\amazon\\\\functions\\\\node_modules\\\\firebase-admin\\\\lib\\\\index.js\"}}"}}
[warn] !  TypeError: express.jason is not a function
    at Object.<anonymous> (C:\Users\Sony\Desktop\javascipt\amazon\functions\index.js:20:17)
    at Module._compile (internal/modules/cjs/loader.js:1137:30)
    at Object.Module._extensions..js (internal/modules/cjs/loader.js:1157:10)
    at Module.load (internal/modules/cjs/loader.js:985:32)
    at Function.Module._load (internal/modules/cjs/loader.js:878:14)
    at Module.require (internal/modules/cjs/loader.js:1025:19)
    at require (internal/modules/cjs/helpers.js:72:18)
    at C:\Users\Sony\AppData\Roaming\npm\node_modules\firebase-tools\lib\emulator\functionsEmulatorRuntime.js:681:33
    at Generator.next (<anonymous>)
    at fulfilled (C:\Users\Sony\AppData\Roaming\npm\node_modules\firebase-tools\lib\emulator\functionsEmulatorRuntime.js:5:58) {"metadata":{"emulator":{"name":"functions"},"message":"TypeError: express.jason is not a function\n    at Object.<anonymous> (C:\\Users\\Sony\\Desktop\\javascipt\\amazon\\functions\\index.js:20:17)\n    at Module._compile (internal/modules/cjs/loader.js:1137:30)\n    at Object.Module._extensions..js (internal/modules/cjs/loader.js:1157:10)\n    at Module.load (internal/modules/cjs/loader.js:985:32)\n    at Function.Module._load (internal/modules/cjs/loader.js:878:14)\n    at Module.require (internal/modules/cjs/loader.js:1025:19)\n    at require (internal/modules/cjs/helpers.js:72:18)\n    at C:\\Users\\Sony\\AppData\\Roaming\\npm\\node_modules\\firebase-tools\\lib\\emulator\\functionsEmulatorRuntime.js:681:33\n    at Generator.next (<anonymous>)\n    at fulfilled (C:\\Users\\Sony\\AppData\\Roaming\\npm\\node_modules\\firebase-tools\\lib\\emulator\\functionsEmulatorRuntime.js:5:58)"}}
[warn] !  We were unable to load your functions code. (see above) {"metadata":{"emulator":{"name":"functions"}}}
[debug] [2020-09-23T14:23:19.736Z] [worker-~diagnostic~-cf4181e5-917d-48b3-98c1-91c2e47e3654]: exited {"metadata":{"emulator":{"name":"functions"},"message":"[worker-~diagnostic~-cf4181e5-917d-48b3-98c1-91c2e47e3654]: exited"}}
[debug] [2020-09-23T14:23:19.737Z] [worker-~diagnostic~-cf4181e5-917d-48b3-98c1-91c2e47e3654]: FINISHED {"metadata":{"emulator":{"name":"functions"},"message":"[worker-~diagnostic~-cf4181e5-917d-48b3-98c1-91c2e47e3654]: FINISHED"}}
[debug] [2020-09-23T14:23:26.134Z] File C:\Users\Sony\Desktop\javascipt\amazon\functions\index.js changed, reloading triggers {"metadata":{"emulator":{"name":"functions"},"message":"File C:\\Users\\Sony\\Desktop\\javascipt\\amazon\\functions\\index.js changed, reloading triggers"}}
[debug] [2020-09-23T14:23:27.137Z] [worker-pool] Cleaned up workers for ~diagnostic~: 1 --> 0 {"metadata":{"emulator":{"name":"functions"},"message":"[worker-pool] Cleaned up workers for ~diagnostic~: 1 --> 0"}}
[debug] [2020-09-23T14:23:27.157Z] [worker-pool] addWorker(~diagnostic~) {"metadata":{"emulator":{"name":"functions"},"message":"[worker-pool] addWorker(~diagnostic~)"}}
[debug] [2020-09-23T14:23:27.158Z] [worker-pool] Adding worker with key ~diagnostic~, total=1 {"metadata":{"emulator":{"name":"functions"},"message":"[worker-pool] Adding worker with key ~diagnostic~, total=1"}}
[debug] [2020-09-23T14:23:27.158Z] [worker-pool] submitWork(triggerId=) {"metadata":{"emulator":{"name":"functions"},"message":"[worker-pool] submitWork(triggerId=)"}}
[debug] [2020-09-23T14:23:27.159Z] [worker-~diagnostic~-98146758-2707-492c-9769-ffd98f497f5f]: Assigning socketPath: \\?\pipe\C:\Users\Sony\Desktop\javascipt\amazon\functions\10104 {"metadata":{"emulator":{"name":"functions"},"message":"[worker-~diagnostic~-98146758-2707-492c-9769-ffd98f497f5f]: Assigning socketPath: \\\\?\\pipe\\C:\\Users\\Sony\\Desktop\\javascipt\\amazon\\functions\\10104"}}
[debug] [2020-09-23T14:23:27.160Z] [worker-~diagnostic~-98146758-2707-492c-9769-ffd98f497f5f]: BUSY {"metadata":{"emulator":{"name":"functions"},"message":"[worker-~diagnostic~-98146758-2707-492c-9769-ffd98f497f5f]: BUSY"}}
[debug] [2020-09-23T14:23:27.855Z] [runtime-status] [10104] Functions runtime initialized. {"cwd":"C:\\Users\\Sony\\Desktop\\javascipt\\amazon\\functions","node_version":"12.18.3"} {"metadata":{"emulator":{"name":"functions"},"message":"[runtime-status] [10104] Functions runtime initialized. {\"cwd\":\"C:\\\\Users\\\\Sony\\\\Desktop\\\\javascipt\\\\amazon\\\\functions\",\"node_version\":\"12.18.3\"}"}}
[debug] [2020-09-23T14:23:27.864Z] [runtime-status] [10104] Disabled runtime features: undefined {"metadata":{"emulator":{"name":"functions"},"message":"[runtime-status] [10104] Disabled runtime features: undefined"}}
[debug] [2020-09-23T14:23:27.871Z] [runtime-status] [10104] Resolved module firebase-admin {"declared":true,"installed":true,"version":"8.13.0","resolution":"C:\\Users\\Sony\\Desktop\\javascipt\\amazon\\functions\\node_modules\\firebase-admin\\lib\\index.js"} {"metadata":{"emulator":{"name":"functions"},"message":"[runtime-status] [10104] Resolved module firebase-admin {\"declared\":true,\"installed\":true,\"version\":\"8.13.0\",\"resolution\":\"C:\\\\Users\\\\Sony\\\\Desktop\\\\javascipt\\\\amazon\\\\functions\\\\node_modules\\\\firebase-admin\\\\lib\\\\index.js\"}"}}
[debug] [2020-09-23T14:23:27.880Z] [runtime-status] [10104] Resolved module firebase-functions {"declared":true,"installed":true,"version":"3.11.0","resolution":"C:\\Users\\Sony\\Desktop\\javascipt\\amazon\\functions\\node_modules\\firebase-functions\\lib\\index.js"} {"metadata":{"emulator":{"name":"functions"},"message":"[runtime-status] [10104] Resolved module firebase-functions {\"declared\":true,\"installed\":true,\"version\":\"3.11.0\",\"resolution\":\"C:\\\\Users\\\\Sony\\\\Desktop\\\\javascipt\\\\amazon\\\\functions\\\\node_modules\\\\firebase-functions\\\\lib\\\\index.js\"}"}}
[debug] [2020-09-23T14:23:27.881Z] [runtime-status] [10104] Resolved module firebase-functions {"declared":true,"installed":true,"version":"3.11.0","resolution":"C:\\Users\\Sony\\Desktop\\javascipt\\amazon\\functions\\node_modules\\firebase-functions\\lib\\index.js"} {"metadata":{"emulator":{"name":"functions"},"message":"[runtime-status] [10104] Resolved module firebase-functions {\"declared\":true,\"installed\":true,\"version\":\"3.11.0\",\"resolution\":\"C:\\\\Users\\\\Sony\\\\Desktop\\\\javascipt\\\\amazon\\\\functions\\\\node_modules\\\\firebase-functions\\\\lib\\\\index.js\"}"}}
[debug] [2020-09-23T14:23:27.883Z] [runtime-status] [10104] Outgoing network have been stubbed. [{"name":"http","status":"mocked"},{"name":"http","status":"mocked"},{"name":"https","status":"mocked"},{"name":"https","status":"mocked"},{"name":"net","status":"mocked"}] {"metadata":{"emulator":{"name":"functions"},"message":"[runtime-status] [10104] Outgoing network have been stubbed. [{\"name\":\"http\",\"status\":\"mocked\"},{\"name\":\"http\",\"status\":\"mocked\"},{\"name\":\"https\",\"status\":\"mocked\"},{\"name\":\"https\",\"status\":\"mocked\"},{\"name\":\"net\",\"status\":\"mocked\"}]"}}
[debug] [2020-09-23T14:23:27.884Z] [runtime-status] [10104] Resolved module firebase-functions {"declared":true,"installed":true,"version":"3.11.0","resolution":"C:\\Users\\Sony\\Desktop\\javascipt\\amazon\\functions\\node_modules\\firebase-functions\\lib\\index.js"} {"metadata":{"emulator":{"name":"functions"},"message":"[runtime-status] [10104] Resolved module firebase-functions {\"declared\":true,\"installed\":true,\"version\":\"3.11.0\",\"resolution\":\"C:\\\\Users\\\\Sony\\\\Desktop\\\\javascipt\\\\amazon\\\\functions\\\\node_modules\\\\firebase-functions\\\\lib\\\\index.js\"}"}}
[debug] [2020-09-23T14:23:27.951Z] [runtime-status] [10104] Checked functions.config() {"config":{}} {"metadata":{"emulator":{"name":"functions"},"message":"[runtime-status] [10104] Checked functions.config() {\"config\":{}}"}}
[debug] [2020-09-23T14:23:27.952Z] [runtime-status] [10104] firebase-functions has been stubbed. {"functionsResolution":{"declared":true,"installed":true,"version":"3.11.0","resolution":"C:\\Users\\Sony\\Desktop\\javascipt\\amazon\\functions\\node_modules\\firebase-functions\\lib\\index.js"}} {"metadata":{"emulator":{"name":"functions"},"message":"[runtime-status] [10104] firebase-functions has been stubbed. {\"functionsResolution\":{\"declared\":true,\"installed\":true,\"version\":\"3.11.0\",\"resolution\":\"C:\\\\Users\\\\Sony\\\\Desktop\\\\javascipt\\\\amazon\\\\functions\\\\node_modules\\\\firebase-functions\\\\lib\\\\index.js\"}}"}}
[debug] [2020-09-23T14:23:27.953Z] [runtime-status] [10104] Resolved module firebase-functions {"declared":true,"installed":true,"version":"3.11.0","resolution":"C:\\Users\\Sony\\Desktop\\javascipt\\amazon\\functions\\node_modules\\firebase-functions\\lib\\index.js"} {"metadata":{"emulator":{"name":"functions"},"message":"[runtime-status] [10104] Resolved module firebase-functions {\"declared\":true,\"installed\":true,\"version\":\"3.11.0\",\"resolution\":\"C:\\\\Users\\\\Sony\\\\Desktop\\\\javascipt\\\\amazon\\\\functions\\\\node_modules\\\\firebase-functions\\\\lib\\\\index.js\"}"}}
[debug] [2020-09-23T14:23:27.954Z] [runtime-status] [10104] Resolved module firebase-admin {"declared":true,"installed":true,"version":"8.13.0","resolution":"C:\\Users\\Sony\\Desktop\\javascipt\\amazon\\functions\\node_modules\\firebase-admin\\lib\\index.js"} {"metadata":{"emulator":{"name":"functions"},"message":"[runtime-status] [10104] Resolved module firebase-admin {\"declared\":true,\"installed\":true,\"version\":\"8.13.0\",\"resolution\":\"C:\\\\Users\\\\Sony\\\\Desktop\\\\javascipt\\\\amazon\\\\functions\\\\node_modules\\\\firebase-admin\\\\lib\\\\index.js\"}"}}
[debug] [2020-09-23T14:23:27.955Z] [runtime-status] [10104] Resolved module firebase-functions {"declared":true,"installed":true,"version":"3.11.0","resolution":"C:\\Users\\Sony\\Desktop\\javascipt\\amazon\\functions\\node_modules\\firebase-functions\\lib\\index.js"} {"metadata":{"emulator":{"name":"functions"},"message":"[runtime-status] [10104] Resolved module firebase-functions {\"declared\":true,\"installed\":true,\"version\":\"3.11.0\",\"resolution\":\"C:\\\\Users\\\\Sony\\\\Desktop\\\\javascipt\\\\amazon\\\\functions\\\\node_modules\\\\firebase-functions\\\\lib\\\\index.js\"}"}}
[debug] [2020-09-23T14:23:27.956Z] [runtime-status] [10104] firebase-admin has been stubbed. {"adminResolution":{"declared":true,"installed":true,"version":"8.13.0","resolution":"C:\\Users\\Sony\\Desktop\\javascipt\\amazon\\functions\\node_modules\\firebase-admin\\lib\\index.js"}} {"metadata":{"emulator":{"name":"functions"},"message":"[runtime-status] [10104] firebase-admin has been stubbed. {\"adminResolution\":{\"declared\":true,\"installed\":true,\"version\":\"8.13.0\",\"resolution\":\"C:\\\\Users\\\\Sony\\\\Desktop\\\\javascipt\\\\amazon\\\\functions\\\\node_modules\\\\firebase-admin\\\\lib\\\\index.js\"}}"}}
[info] +  functions[api]: http function initialized (http://localhost:5001/fir-5871d/us-central1/api). {"metadata":{"emulator":{"name":"functions"},"message":"\u001b[1mhttp\u001b[22m function initialized (http://localhost:5001/fir-5871d/us-central1/api)."}}
[debug] [2020-09-23T14:23:28.241Z] [worker-~diagnostic~-98146758-2707-492c-9769-ffd98f497f5f]: IDLE {"metadata":{"emulator":{"name":"functions"},"message":"[worker-~diagnostic~-98146758-2707-492c-9769-ffd98f497f5f]: IDLE"}}
